Removed Pin From Net: NetName=VSS_PT Pin=J1-4
Removed Pin From Net: NetName=GND Pin=J2-1
Removed Pin From Net: NetName=GND Pin=J3-1
Removed Pin From Net: NetName=GND Pin=J4-1
Removed Pin From Net: NetName=SCL Pin=Q1-1
Removed Pin From Net: NetName=SCL Pin=R6-1
Removed Pin From Net: NetName=SCL Pin=U1-3
Change Component Comment : Designator=J2 Old Comment=43650-0304 New Comment=436500501
Change Component Comment : Designator=J3 Old Comment=43650-0304 New Comment=436500501
Change Component Comment : Designator=J4 Old Comment=43650-0304 New Comment=436500501
Change component parameters: Designator = "J2" ("J2"); Footprint = "43650-03YY_03040559"; UniqueID = "\WOQPNQHK" ("\WOQPNQHK")
Change component parameters (AddParameter): Name = "Copyright"; Value = "Copyright (C) 2023 Ultra Librarian. All rights reserved."; VariantName = "[No Variations]"
Change component parameters (AddParameter): Name = "Manufacturer_Part_Number"; Value = "436500501"; VariantName = "[No Variations]"
Change component parameters (AddParameter): Name = "Mfr_Name"; Value = "Molex Connector Corporation"; VariantName = "[No Variations]"
Change component parameters (AddParameter): Name = "RefDes"; Value = "RefDes"; VariantName = "[No Variations]"
Change component parameters (AddParameter): Name = "Type"; Value = "DEV"; VariantName = "[No Variations]"
Change component parameters: Designator = "J3" ("J3"); Footprint = "43650-03YY_03040559"; UniqueID = "\OENOFQUB" ("\OENOFQUB")
Change component parameters (AddParameter): Name = "Copyright"; Value = "Copyright (C) 2023 Ultra Librarian. All rights reserved."; VariantName = "[No Variations]"
Change component parameters (AddParameter): Name = "Manufacturer_Part_Number"; Value = "436500501"; VariantName = "[No Variations]"
Change component parameters (AddParameter): Name = "Mfr_Name"; Value = "Molex Connector Corporation"; VariantName = "[No Variations]"
Change component parameters (AddParameter): Name = "RefDes"; Value = "RefDes"; VariantName = "[No Variations]"
Change component parameters (AddParameter): Name = "Type"; Value = "DEV"; VariantName = "[No Variations]"
Change component parameters: Designator = "J4" ("J4"); Footprint = "43650-03YY_03040559"; UniqueID = "\CXJWTWOL" ("\CXJWTWOL")
Change component parameters (AddParameter): Name = "Copyright"; Value = "Copyright (C) 2023 Ultra Librarian. All rights reserved."; VariantName = "[No Variations]"
Change component parameters (AddParameter): Name = "Manufacturer_Part_Number"; Value = "436500501"; VariantName = "[No Variations]"
Change component parameters (AddParameter): Name = "Mfr_Name"; Value = "Molex Connector Corporation"; VariantName = "[No Variations]"
Change component parameters (AddParameter): Name = "RefDes"; Value = "RefDes"; VariantName = "[No Variations]"
Change component parameters (AddParameter): Name = "Type"; Value = "DEV"; VariantName = "[No Variations]"
Added Pin To Net: NetName=GND Pin=J2-5
Added Pin To Net: NetName=GND Pin=J3-5
Added Pin To Net: NetName=GND Pin=J4-5
Added Pin To Net: NetName=VSS_PT Pin=Q1-1
Added Pin To Net: NetName=VSS_PT Pin=R6-1
Added Pin To Net: NetName=SCL Pin=R7-1
Added Pin To Net: NetName=SCL Pin=R8-1
Added Pin To Net: NetName=VSS_PT Pin=U1-3
Change Net Name : Old Net Name=SCL New Net Name=INA_PWR
Change Net Name : Old Net Name=VSS_PT New Net Name=SCL
Added Pin To Net: NetName=VSS_PT Pin=J1-4
Added Pin To Net: NetName=VSS_PT Pin=J2-1
Added Pin To Net: NetName=VSS_PT Pin=J3-1
Added Pin To Net: NetName=VSS_PT Pin=J4-1
Added Net: Name=VSS_PT
Added Room: Name=I2C_Repeater
